# JRE version: Java(TM) SE Runtime Environment (8.0_101-b13) (build 1.8.0_101-b13)
# Java VM: Java HotSpot(TM) 64-Bit Server VM (25.101-b13 mixed mode windows-amd64 compressed oops)
Heap:
 PSYoungGen      total 253440K, used 216771K [0x00000000d5f00000, 0x00000000e7400000, 0x0000000100000000)
  eden space 243200K, 85% used [0x00000000d5f00000,0x00000000e2907e90,0x00000000e4c80000)
  from space 10240K, 96% used [0x00000000e6a00000,0x00000000e73a8e28,0x00000000e7400000)
  to   space 18432K, 0% used [0x00000000e5000000,0x00000000e5000000,0x00000000e6200000)
 ParOldGen       total 93184K, used 27892K [0x0000000081c00000, 0x0000000087700000, 0x00000000d5f00000)
  object space 93184K, 29% used [0x0000000081c00000,0x000000008373d340,0x0000000087700000)
 Metaspace       used 49972K, capacity 50676K, committed 51072K, reserved 1093632K
  class space    used 6241K, capacity 6404K, committed 6528K, reserved 1048576K
GC Heap History (10 events):
Event: 5.252 GC heap before
{Heap before GC invocations=8 (full 1):
 PSYoungGen      total 120320K, used 119022K [0x00000000d5f00000, 0x00000000dde80000, 0x0000000100000000)
  eden space 111616K, 100% used [0x00000000d5f00000,0x00000000dcc00000,0x00000000dcc00000)
  from space 8704K, 85% used [0x00000000dd500000,0x00000000ddc3b878,0x00000000ddd80000)
  to   space 9216K, 0% used [0x00000000dcc00000,0x00000000dcc00000,0x00000000dd500000)
 ParOldGen       total 53248K, used 7092K [0x0000000081c00000, 0x0000000085000000, 0x00000000d5f00000)
  object space 53248K, 13% used [0x0000000081c00000,0x00000000822ed388,0x0000000085000000)
 Metaspace       used 29980K, capacity 30356K, committed 30848K, reserved 1077248K
  class space    used 3730K, capacity 3841K, committed 3968K, reserved 1048576K
Event: 5.263 GC heap after
Heap after GC invocations=8 (full 1):
 PSYoungGen      total 120832K, used 9185K [0x00000000d5f00000, 0x00000000e2c00000, 0x0000000100000000)
  eden space 111616K, 0% used [0x00000000d5f00000,0x00000000d5f00000,0x00000000dcc00000)
  from space 9216K, 99% used [0x00000000dcc00000,0x00000000dd4f84a0,0x00000000dd500000)
  to   space 12800K, 0% used [0x00000000e1f80000,0x00000000e1f80000,0x00000000e2c00000)
 ParOldGen       total 53248K, used 12140K [0x0000000081c00000, 0x0000000085000000, 0x00000000d5f00000)
  object space 53248K, 22% used [0x0000000081c00000,0x00000000827db080,0x0000000085000000)
 Metaspace       used 29980K, capacity 30356K, committed 30848K, reserved 1077248K
  class space    used 3730K, capacity 3841K, committed 3968K, reserved 1048576K
}
Event: 7.068 GC heap before
{Heap before GC invocations=9 (full 1):
 PSYoungGen      total 120832K, used 120801K [0x00000000d5f00000, 0x00000000e2c00000, 0x0000000100000000)
  eden space 111616K, 100% used [0x00000000d5f00000,0x00000000dcc00000,0x00000000dcc00000)
  from space 9216K, 99% used [0x00000000dcc00000,0x00000000dd4f84a0,0x00000000dd500000)
  to   space 12800K, 0% used [0x00000000e1f80000,0x00000000e1f80000,0x00000000e2c00000)
 ParOldGen       total 53248K, used 12140K [0x0000000081c00000, 0x0000000085000000, 0x00000000d5f00000)
  object space 53248K, 22% used [0x0000000081c00000,0x00000000827db080,0x0000000085000000)
 Metaspace       used 32022K, capacity 32444K, committed 32768K, reserved 1077248K
  class space    used 3988K, capacity 4077K, committed 4096K, reserved 1048576K
Event: 7.084 GC heap after
Heap after GC invocations=9 (full 1):
 PSYoungGen      total 193536K, used 12791K [0x00000000d5f00000, 0x00000000e2d80000, 0x0000000100000000)
  eden space 180736K, 0% used [0x00000000d5f00000,0x00000000d5f00000,0x00000000e0f80000)
  from space 12800K, 99% used [0x00000000e1f80000,0x00000000e2bfde18,0x00000000e2c00000)
  to   space 15360K, 0% used [0x00000000e0f80000,0x00000000e0f80000,0x00000000e1e80000)
 ParOldGen       total 53248K, used 14125K [0x0000000081c00000, 0x0000000085000000, 0x00000000d5f00000)
  object space 53248K, 26% used [0x0000000081c00000,0x00000000829cb448,0x0000000085000000)
 Metaspace       used 32022K, capacity 32444K, committed 32768K, reserved 1077248K
  class space    used 3988K, capacity 4077K, committed 4096K, reserved 1048576K
}
Event: 7.626 GC heap before
{Heap before GC invocations=10 (full 1):
 PSYoungGen      total 193536K, used 112717K [0x00000000d5f00000, 0x00000000e2d80000, 0x0000000100000000)
  eden space 180736K, 55% used [0x00000000d5f00000,0x00000000dc095630,0x00000000e0f80000)
  from space 12800K, 99% used [0x00000000e1f80000,0x00000000e2bfde18,0x00000000e2c00000)
  to   space 15360K, 0% used [0x00000000e0f80000,0x00000000e0f80000,0x00000000e1e80000)
 ParOldGen       total 53248K, used 14125K [0x0000000081c00000, 0x0000000085000000, 0x00000000d5f00000)
  object space 53248K, 26% used [0x0000000081c00000,0x00000000829cb448,0x0000000085000000)
 Metaspace       used 34894K, capacity 35290K, committed 35456K, reserved 1081344K
  class space    used 4357K, capacity 4450K, committed 4480K, reserved 1048576K
Event: 7.647 GC heap after
Heap after GC invocations=10 (full 1):
 PSYoungGen      total 196096K, used 15344K [0x00000000d5f00000, 0x00000000e7d00000, 0x0000000100000000)
  eden space 180736K, 0% used [0x00000000d5f00000,0x00000000d5f00000,0x00000000e0f80000)
  from space 15360K, 99% used [0x00000000e0f80000,0x00000000e1e7c070,0x00000000e1e80000)
  to   space 19456K, 0% used [0x00000000e6a00000,0x00000000e6a00000,0x00000000e7d00000)
 ParOldGen       total 53248K, used 19030K [0x0000000081c00000, 0x0000000085000000, 0x00000000d5f00000)
  object space 53248K, 35% used [0x0000000081c00000,0x0000000082e95858,0x0000000085000000)
 Metaspace       used 34894K, capacity 35290K, committed 35456K, reserved 1081344K
  class space    used 4357K, capacity 4450K, committed 4480K, reserved 1048576K
}
Event: 7.647 GC heap before
{Heap before GC invocations=11 (full 2):
 PSYoungGen      total 196096K, used 15344K [0x00000000d5f00000, 0x00000000e7d00000, 0x0000000100000000)
  eden space 180736K, 0% used [0x00000000d5f00000,0x00000000d5f00000,0x00000000e0f80000)
  from space 15360K, 99% used [0x00000000e0f80000,0x00000000e1e7c070,0x00000000e1e80000)
  to   space 19456K, 0% used [0x00000000e6a00000,0x00000000e6a00000,0x00000000e7d00000)
 ParOldGen       total 53248K, used 19030K [0x0000000081c00000, 0x0000000085000000, 0x00000000d5f00000)
  object space 53248K, 35% used [0x0000000081c00000,0x0000000082e95858,0x0000000085000000)
 Metaspace       used 34894K, capacity 35290K, committed 35456K, reserved 1081344K
  class space    used 4357K, capacity 4450K, committed 4480K, reserved 1048576K
Event: 7.739 GC heap after
Heap after GC invocations=11 (full 2):
 PSYoungGen      total 196096K, used 0K [0x00000000d5f00000, 0x00000000e7d00000, 0x0000000100000000)
  eden space 180736K, 0% used [0x00000000d5f00000,0x00000000d5f00000,0x00000000e0f80000)
  from space 15360K, 0% used [0x00000000e0f80000,0x00000000e0f80000,0x00000000e1e80000)
  to   space 19456K, 0% used [0x00000000e6a00000,0x00000000e6a00000,0x00000000e7d00000)
 ParOldGen       total 93184K, used 27884K [0x0000000081c00000, 0x0000000087700000, 0x00000000d5f00000)
  object space 93184K, 29% used [0x0000000081c00000,0x000000008373b340,0x0000000087700000)
 Metaspace       used 34894K, capacity 35290K, committed 35456K, reserved 1081344K
  class space    used 4357K, capacity 4450K, committed 4480K, reserved 1048576K
}
Event: 8.806 GC heap before
{Heap before GC invocations=12 (full 2):
 PSYoungGen      total 196096K, used 180736K [0x00000000d5f00000, 0x00000000e7d00000, 0x0000000100000000)
  eden space 180736K, 100% used [0x00000000d5f00000,0x00000000e0f80000,0x00000000e0f80000)
  from space 15360K, 0% used [0x00000000e0f80000,0x00000000e0f80000,0x00000000e1e80000)
  to   space 19456K, 0% used [0x00000000e6a00000,0x00000000e6a00000,0x00000000e7d00000)
 ParOldGen       total 93184K, used 27884K [0x0000000081c00000, 0x0000000087700000, 0x00000000d5f00000)
  object space 93184K, 29% used [0x0000000081c00000,0x000000008373b340,0x0000000087700000)
 Metaspace       used 39635K, capacity 40286K, committed 40576K, reserved 1085440K
  class space    used 4974K, capacity 5135K, committed 5248K, reserved 1048576K
Event: 8.818 GC heap after
Heap after GC invocations=12 (full 2):
 PSYoungGen      total 253440K, used 9891K [0x00000000d5f00000, 0x00000000e7400000, 0x0000000100000000)
  eden space 243200K, 0% used [0x00000000d5f00000,0x00000000d5f00000,0x00000000e4c80000)
  from space 10240K, 96% used [0x00000000e6a00000,0x00000000e73a8e28,0x00000000e7400000)
  to   space 18432K, 0% used [0x00000000e5000000,0x00000000e5000000,0x00000000e6200000)
 ParOldGen       total 93184K, used 27892K [0x0000000081c00000, 0x0000000087700000, 0x00000000d5f00000)
  object space 93184K, 29% used [0x0000000081c00000,0x000000008373d340,0x0000000087700000)
 Metaspace       used 39635K, capacity 40286K, committed 40576K, reserved 1085440K
  class space    used 4974K, capacity 5135K, committed 5248K, reserved 1048576K
}

