# JRE version: Java(TM) SE Runtime Environment (8.0_101-b13) (build 1.8.0_101-b13)
# Java VM: Java HotSpot(TM) 64-Bit Server VM (25.101-b13 mixed mode windows-amd64 compressed oops)
Heap:
 PSYoungGen      total 183296K, used 117503K [0x00000000d5f00000, 0x00000000e2700000, 0x0000000100000000)
  eden space 172032K, 68% used [0x00000000d5f00000,0x00000000dd1bff28,0x00000000e0700000)
  from space 11264K, 0% used [0x00000000e1380000,0x00000000e1380000,0x00000000e1e80000)
  to   space 12800K, 0% used [0x00000000e0700000,0x00000000e0700000,0x00000000e1380000)
 ParOldGen       total 53760K, used 16577K [0x0000000081c00000, 0x0000000085080000, 0x00000000d5f00000)
  object space 53760K, 30% used [0x0000000081c00000,0x0000000082c30730,0x0000000085080000)
 Metaspace       used 38535K, capacity 38966K, committed 39424K, reserved 1083392K
  class space    used 4905K, capacity 5033K, committed 5120K, reserved 1048576K
GC Heap History (10 events):
Event: 4.019 GC heap before
{Heap before GC invocations=6 (full 1):
 PSYoungGen      total 71680K, used 66560K [0x00000000d5f00000, 0x00000000daa00000, 0x0000000100000000)
  eden space 66560K, 100% used [0x00000000d5f00000,0x00000000da000000,0x00000000da000000)
  from space 5120K, 0% used [0x00000000da500000,0x00000000da500000,0x00000000daa00000)
  to   space 5120K, 0% used [0x00000000da000000,0x00000000da000000,0x00000000da500000)
 ParOldGen       total 53760K, used 6867K [0x0000000081c00000, 0x0000000085080000, 0x00000000d5f00000)
  object space 53760K, 12% used [0x0000000081c00000,0x00000000822b4c30,0x0000000085080000)
 Metaspace       used 26158K, capacity 26524K, committed 26752K, reserved 1073152K
  class space    used 3249K, capacity 3370K, committed 3456K, reserved 1048576K
Event: 4.026 GC heap after
Heap after GC invocations=6 (full 1):
 PSYoungGen      total 71680K, used 5091K [0x00000000d5f00000, 0x00000000ddc00000, 0x0000000100000000)
  eden space 66560K, 0% used [0x00000000d5f00000,0x00000000d5f00000,0x00000000da000000)
  from space 5120K, 99% used [0x00000000da000000,0x00000000da4f8d78,0x00000000da500000)
  to   space 8704K, 0% used [0x00000000dd380000,0x00000000dd380000,0x00000000ddc00000)
 ParOldGen       total 53760K, used 9312K [0x0000000081c00000, 0x0000000085080000, 0x00000000d5f00000)
  object space 53760K, 17% used [0x0000000081c00000,0x0000000082518010,0x0000000085080000)
 Metaspace       used 26158K, capacity 26524K, committed 26752K, reserved 1073152K
  class space    used 3249K, capacity 3370K, committed 3456K, reserved 1048576K
}
Event: 4.595 GC heap before
{Heap before GC invocations=7 (full 1):
 PSYoungGen      total 71680K, used 71651K [0x00000000d5f00000, 0x00000000ddc00000, 0x0000000100000000)
  eden space 66560K, 100% used [0x00000000d5f00000,0x00000000da000000,0x00000000da000000)
  from space 5120K, 99% used [0x00000000da000000,0x00000000da4f8d78,0x00000000da500000)
  to   space 8704K, 0% used [0x00000000dd380000,0x00000000dd380000,0x00000000ddc00000)
 ParOldGen       total 53760K, used 9312K [0x0000000081c00000, 0x0000000085080000, 0x00000000d5f00000)
  object space 53760K, 17% used [0x0000000081c00000,0x0000000082518010,0x0000000085080000)
 Metaspace       used 30674K, capacity 31072K, committed 31232K, reserved 1077248K
  class space    used 3902K, capacity 4048K, committed 4096K, reserved 1048576K
Event: 4.605 GC heap after
Heap after GC invocations=7 (full 1):
 PSYoungGen      total 117760K, used 8685K [0x00000000d5f00000, 0x00000000dde80000, 0x0000000100000000)
  eden space 109056K, 0% used [0x00000000d5f00000,0x00000000d5f00000,0x00000000dc980000)
  from space 8704K, 99% used [0x00000000dd380000,0x00000000ddbfb688,0x00000000ddc00000)
  to   space 10240K, 0% used [0x00000000dc980000,0x00000000dc980000,0x00000000dd380000)
 ParOldGen       total 53760K, used 10307K [0x0000000081c00000, 0x0000000085080000, 0x00000000d5f00000)
  object space 53760K, 19% used [0x0000000081c00000,0x0000000082610f90,0x0000000085080000)
 Metaspace       used 30674K, capacity 31072K, committed 31232K, reserved 1077248K
  class space    used 3902K, capacity 4048K, committed 4096K, reserved 1048576K
}
Event: 10.011 GC heap before
{Heap before GC invocations=8 (full 1):
 PSYoungGen      total 117760K, used 117741K [0x00000000d5f00000, 0x00000000dde80000, 0x0000000100000000)
  eden space 109056K, 100% used [0x00000000d5f00000,0x00000000dc980000,0x00000000dc980000)
  from space 8704K, 99% used [0x00000000dd380000,0x00000000ddbfb688,0x00000000ddc00000)
  to   space 10240K, 0% used [0x00000000dc980000,0x00000000dc980000,0x00000000dd380000)
 ParOldGen       total 53760K, used 10307K [0x0000000081c00000, 0x0000000085080000, 0x00000000d5f00000)
  object space 53760K, 19% used [0x0000000081c00000,0x0000000082610f90,0x0000000085080000)
 Metaspace       used 32691K, capacity 33134K, committed 33536K, reserved 1079296K
  class space    used 4170K, capacity 4317K, committed 4352K, reserved 1048576K
Event: 10.025 GC heap after
Heap after GC invocations=8 (full 1):
 PSYoungGen      total 119296K, used 10238K [0x00000000d5f00000, 0x00000000e1e80000, 0x0000000100000000)
  eden space 109056K, 0% used [0x00000000d5f00000,0x00000000d5f00000,0x00000000dc980000)
  from space 10240K, 99% used [0x00000000dc980000,0x00000000dd37fa58,0x00000000dd380000)
  to   space 11264K, 0% used [0x00000000e1380000,0x00000000e1380000,0x00000000e1e80000)
 ParOldGen       total 53760K, used 10742K [0x0000000081c00000, 0x0000000085080000, 0x00000000d5f00000)
  object space 53760K, 19% used [0x0000000081c00000,0x000000008267d8b0,0x0000000085080000)
 Metaspace       used 32691K, capacity 33134K, committed 33536K, reserved 1079296K
  class space    used 4170K, capacity 4317K, committed 4352K, reserved 1048576K
}
Event: 10.394 GC heap before
{Heap before GC invocations=9 (full 1):
 PSYoungGen      total 119296K, used 59359K [0x00000000d5f00000, 0x00000000e1e80000, 0x0000000100000000)
  eden space 109056K, 45% used [0x00000000d5f00000,0x00000000d8ef84f8,0x00000000dc980000)
  from space 10240K, 99% used [0x00000000dc980000,0x00000000dd37fa58,0x00000000dd380000)
  to   space 11264K, 0% used [0x00000000e1380000,0x00000000e1380000,0x00000000e1e80000)
 ParOldGen       total 53760K, used 10742K [0x0000000081c00000, 0x0000000085080000, 0x00000000d5f00000)
  object space 53760K, 19% used [0x0000000081c00000,0x000000008267d8b0,0x0000000085080000)
 Metaspace       used 34769K, capacity 35242K, committed 35496K, reserved 1081344K
  class space    used 4458K, capacity 4583K, committed 4608K, reserved 1048576K
Event: 10.405 GC heap after
Heap after GC invocations=9 (full 1):
 PSYoungGen      total 183296K, used 11254K [0x00000000d5f00000, 0x00000000e2700000, 0x0000000100000000)
  eden space 172032K, 0% used [0x00000000d5f00000,0x00000000d5f00000,0x00000000e0700000)
  from space 11264K, 99% used [0x00000000e1380000,0x00000000e1e7d9d8,0x00000000e1e80000)
  to   space 12800K, 0% used [0x00000000e0700000,0x00000000e0700000,0x00000000e1380000)
 ParOldGen       total 53760K, used 11162K [0x0000000081c00000, 0x0000000085080000, 0x00000000d5f00000)
  object space 53760K, 20% used [0x0000000081c00000,0x00000000826e6898,0x0000000085080000)
 Metaspace       used 34769K, capacity 35242K, committed 35496K, reserved 1081344K
  class space    used 4458K, capacity 4583K, committed 4608K, reserved 1048576K
}
Event: 10.406 GC heap before
{Heap before GC invocations=10 (full 2):
 PSYoungGen      total 183296K, used 11254K [0x00000000d5f00000, 0x00000000e2700000, 0x0000000100000000)
  eden space 172032K, 0% used [0x00000000d5f00000,0x00000000d5f00000,0x00000000e0700000)
  from space 11264K, 99% used [0x00000000e1380000,0x00000000e1e7d9d8,0x00000000e1e80000)
  to   space 12800K, 0% used [0x00000000e0700000,0x00000000e0700000,0x00000000e1380000)
 ParOldGen       total 53760K, used 11162K [0x0000000081c00000, 0x0000000085080000, 0x00000000d5f00000)
  object space 53760K, 20% used [0x0000000081c00000,0x00000000826e6898,0x0000000085080000)
 Metaspace       used 34769K, capacity 35242K, committed 35496K, reserved 1081344K
  class space    used 4458K, capacity 4583K, committed 4608K, reserved 1048576K
Event: 10.467 GC heap after
Heap after GC invocations=10 (full 2):
 PSYoungGen      total 183296K, used 0K [0x00000000d5f00000, 0x00000000e2700000, 0x0000000100000000)
  eden space 172032K, 0% used [0x00000000d5f00000,0x00000000d5f00000,0x00000000e0700000)
  from space 11264K, 0% used [0x00000000e1380000,0x00000000e1380000,0x00000000e1e80000)
  to   space 12800K, 0% used [0x00000000e0700000,0x00000000e0700000,0x00000000e1380000)
 ParOldGen       total 53760K, used 16577K [0x0000000081c00000, 0x0000000085080000, 0x00000000d5f00000)
  object space 53760K, 30% used [0x0000000081c00000,0x0000000082c30730,0x0000000085080000)
 Metaspace       used 34769K, capacity 35242K, committed 35496K, reserved 1081344K
  class space    used 4458K, capacity 4583K, committed 4608K, reserved 1048576K
}

